<?xml version="1.0" encoding="UTF-8"?>
<testsuite name="com.example.springgumball.SpringGumballApplicationTests" tests="1" skipped="0" failures="0" errors="0" timestamp="2021-05-15T22:07:49" hostname="eHumans-MacBook-Air.local" time="1.725">
  <properties/>
  <testcase name="contextLoads()" classname="com.example.springgumball.SpringGumballApplicationTests" time="1.725"/>
  <system-out><![CDATA[15:07:40.226 [Test worker] DEBUG org.springframework.test.context.BootstrapUtils - Instantiating CacheAwareContextLoaderDelegate from class [org.springframework.test.context.cache.DefaultCacheAwareContextLoaderDelegate]
15:07:40.250 [Test worker] DEBUG org.springframework.test.context.BootstrapUtils - Instantiating BootstrapContext using constructor [public org.springframework.test.context.support.DefaultBootstrapContext(java.lang.Class,org.springframework.test.context.CacheAwareContextLoaderDelegate)]
15:07:40.310 [Test worker] DEBUG org.springframework.test.context.BootstrapUtils - Instantiating TestContextBootstrapper for test class [com.example.springgumball.SpringGumballApplicationTests] from class [org.springframework.boot.test.context.SpringBootTestContextBootstrapper]
15:07:40.328 [Test worker] INFO org.springframework.boot.test.context.SpringBootTestContextBootstrapper - Neither @ContextConfiguration nor @ContextHierarchy found for test class [com.example.springgumball.SpringGumballApplicationTests], using SpringBootContextLoader
15:07:40.337 [Test worker] DEBUG org.springframework.test.context.support.AbstractContextLoader - Did not detect default resource location for test class [com.example.springgumball.SpringGumballApplicationTests]: class path resource [com/example/springgumball/SpringGumballApplicationTests-context.xml] does not exist
15:07:40.338 [Test worker] DEBUG org.springframework.test.context.support.AbstractContextLoader - Did not detect default resource location for test class [com.example.springgumball.SpringGumballApplicationTests]: class path resource [com/example/springgumball/SpringGumballApplicationTestsContext.groovy] does not exist
15:07:40.339 [Test worker] INFO org.springframework.test.context.support.AbstractContextLoader - Could not detect default resource locations for test class [com.example.springgumball.SpringGumballApplicationTests]: no resource found for suffixes {-context.xml, Context.groovy}.
15:07:40.341 [Test worker] INFO org.springframework.test.context.support.AnnotationConfigContextLoaderUtils - Could not detect default configuration classes for test class [com.example.springgumball.SpringGumballApplicationTests]: SpringGumballApplicationTests does not declare any static, non-private, non-final, nested classes annotated with @Configuration.
15:07:40.411 [Test worker] DEBUG org.springframework.test.context.support.ActiveProfilesUtils - Could not find an 'annotation declaring class' for annotation type [org.springframework.test.context.ActiveProfiles] and class [com.example.springgumball.SpringGumballApplicationTests]
15:07:40.523 [Test worker] DEBUG org.springframework.context.annotation.ClassPathScanningCandidateComponentProvider - Identified candidate component class: file [/Users/ehumanehuman/Documents/GitHub/spring-gumball/build/classes/java/main/com/example/springgumball/SpringGumballApplication.class]
15:07:40.525 [Test worker] INFO org.springframework.boot.test.context.SpringBootTestContextBootstrapper - Found @SpringBootConfiguration com.example.springgumball.SpringGumballApplication for test class com.example.springgumball.SpringGumballApplicationTests
15:07:40.664 [Test worker] DEBUG org.springframework.boot.test.context.SpringBootTestContextBootstrapper - @TestExecutionListeners is not present for class [com.example.springgumball.SpringGumballApplicationTests]: using defaults.
15:07:40.664 [Test worker] INFO org.springframework.boot.test.context.SpringBootTestContextBootstrapper - Loaded default TestExecutionListener class names from location [META-INF/spring.factories]: [org.springframework.boot.test.autoconfigure.restdocs.RestDocsTestExecutionListener, org.springframework.boot.test.autoconfigure.web.client.MockRestServiceServerResetTestExecutionListener, org.springframework.boot.test.autoconfigure.web.servlet.MockMvcPrintOnlyOnFailureTestExecutionListener, org.springframework.boot.test.autoconfigure.web.servlet.WebDriverTestExecutionListener, org.springframework.boot.test.autoconfigure.webservices.client.MockWebServiceServerTestExecutionListener, org.springframework.boot.test.mock.mockito.MockitoTestExecutionListener, org.springframework.boot.test.mock.mockito.ResetMocksTestExecutionListener, org.springframework.test.context.web.ServletTestExecutionListener, org.springframework.test.context.support.DirtiesContextBeforeModesTestExecutionListener, org.springframework.test.context.event.ApplicationEventsTestExecutionListener, org.springframework.test.context.support.DependencyInjectionTestExecutionListener, org.springframework.test.context.support.DirtiesContextTestExecutionListener, org.springframework.test.context.transaction.TransactionalTestExecutionListener, org.springframework.test.context.jdbc.SqlScriptsTestExecutionListener, org.springframework.test.context.event.EventPublishingTestExecutionListener]
15:07:40.686 [Test worker] DEBUG org.springframework.boot.test.context.SpringBootTestContextBootstrapper - Skipping candidate TestExecutionListener [org.springframework.test.context.transaction.TransactionalTestExecutionListener] due to a missing dependency. Specify custom listener classes or make the default listener classes and their required dependencies available. Offending class: [org.springframework.transaction.interceptor.TransactionAttributeSource]
15:07:40.688 [Test worker] DEBUG org.springframework.boot.test.context.SpringBootTestContextBootstrapper - Skipping candidate TestExecutionListener [org.springframework.test.context.jdbc.SqlScriptsTestExecutionListener] due to a missing dependency. Specify custom listener classes or make the default listener classes and their required dependencies available. Offending class: [org.springframework.transaction.interceptor.TransactionAttribute]
15:07:40.689 [Test worker] INFO org.springframework.boot.test.context.SpringBootTestContextBootstrapper - Using TestExecutionListeners: [org.springframework.test.context.web.ServletTestExecutionListener@c1900397, org.springframework.test.context.support.DirtiesContextBeforeModesTestExecutionListener@fac673db, org.springframework.test.context.event.ApplicationEventsTestExecutionListener@7d928527, org.springframework.boot.test.mock.mockito.MockitoTestExecutionListener@f270bcfb, org.springframework.boot.test.autoconfigure.SpringBootDependencyInjectionTestExecutionListener@e558b394, org.springframework.test.context.support.DirtiesContextTestExecutionListener@9ff5900, org.springframework.test.context.event.EventPublishingTestExecutionListener@6502da5b, org.springframework.boot.test.autoconfigure.restdocs.RestDocsTestExecutionListener@579746a9, org.springframework.boot.test.autoconfigure.web.client.MockRestServiceServerResetTestExecutionListener@611e5759, org.springframework.boot.test.autoconfigure.web.servlet.MockMvcPrintOnlyOnFailureTestExecutionListener@2ff989bb, org.springframework.boot.test.autoconfigure.web.servlet.WebDriverTestExecutionListener@3b1a8db6, org.springframework.boot.test.autoconfigure.webservices.client.MockWebServiceServerTestExecutionListener@c0d96fec, org.springframework.boot.test.mock.mockito.ResetMocksTestExecutionListener@25c191cc]
15:07:40.695 [Test worker] DEBUG org.springframework.test.context.support.AbstractDirtiesContextTestExecutionListener - Before test class: context [DefaultTestContext@a35ae4e7 testClass = SpringGumballApplicationTests, testInstance = [null], testMethod = [null], testException = [null], mergedContextConfiguration = [WebMergedContextConfiguration@8c23bc58 testClass = SpringGumballApplicationTests, locations = '{}', classes = '{class com.example.springgumball.SpringGumballApplication}', contextInitializerClasses = '[]', activeProfiles = '{}', propertySourceLocations = '{}', propertySourceProperties = '{org.springframework.boot.test.context.SpringBootTestContextBootstrapper=true}', contextCustomizers = set[org.springframework.boot.test.autoconfigure.actuate.metrics.MetricsExportContextCustomizerFactory$DisableMetricExportContextCustomizer@4bf7b986, org.springframework.boot.test.autoconfigure.properties.PropertyMappingContextCustomizer@0, org.springframework.boot.test.autoconfigure.web.servlet.WebDriverContextCustomizerFactory$Customizer@e5be4261, org.springframework.boot.test.context.filter.ExcludeFilterContextCustomizer@3333b191, org.springframework.boot.test.json.DuplicateJsonObjectContextCustomizerFactory$DuplicateJsonObjectContextCustomizer@e19e91c5, org.springframework.boot.test.mock.mockito.MockitoContextCustomizer@0, org.springframework.boot.test.web.client.TestRestTemplateContextCustomizer@67d7d488, org.springframework.boot.test.context.SpringBootTestArgs@1, org.springframework.boot.test.context.SpringBootTestWebEnvironment@94ed3417], resourceBasePath = 'src/main/webapp', contextLoader = 'org.springframework.boot.test.context.SpringBootContextLoader', parent = [null]], attributes = map['org.springframework.test.context.web.ServletTestExecutionListener.activateListener' -> true]], class annotated with @DirtiesContext [false] with mode [null].
15:07:40.745 [Test worker] DEBUG org.springframework.test.context.support.TestPropertySourceUtils - Adding inlined properties to environment: {spring.jmx.enabled=false, org.springframework.boot.test.context.SpringBootTestContextBootstrapper=true}

  .   ____          _            __ _ _
 /\\ / ___'_ __ _ _(_)_ __  __ _ \ \ \ \
( ( )\___ | '_ | '_| | '_ \/ _` | \ \ \ \
 \\/  ___)| |_)| | | | | || (_| |  ) ) ) )
  '  |____| .__|_| |_|_| |_\__, | / / / /
 =========|_|==============|___/=/_/_/_/
 :: Spring Boot ::                (v2.4.2)

2021-05-15 15:07:46.230  WARN 88675 --- [    Test worker] o.s.boot.StartupInfoLogger               : InetAddress.getLocalHost().getHostName() took 5012 milliseconds to respond. Please verify your network configuration (macOS machines may need to add entries to /etc/hosts).
2021-05-15 15:07:46.235  INFO 88675 --- [    Test worker] c.e.s.SpringGumballApplicationTests      : Starting SpringGumballApplicationTests using Java 11.0.10 on eHumans-MacBook-Air.local with PID 88675 (started by ehumanehuman in /Users/ehumanehuman/Documents/GitHub/spring-gumball)
2021-05-15 15:07:46.239  INFO 88675 --- [    Test worker] c.e.s.SpringGumballApplicationTests      : No active profile set, falling back to default profiles: default
2021-05-15 15:07:48.534  INFO 88675 --- [    Test worker] o.s.s.concurrent.ThreadPoolTaskExecutor  : Initializing ExecutorService 'applicationTaskExecutor'
2021-05-15 15:07:49.092  INFO 88675 --- [    Test worker] c.e.s.SpringGumballApplicationTests      : Started SpringGumballApplicationTests in 8.337 seconds (JVM running for 10.702)
]]></system-out>
  <system-err><![CDATA[]]></system-err>
</testsuite>
